[TID 001992] D/interpreter: Invoke entry: _GLOBAL::main
[TID 001992] D/interpreter:      acc.pri = (i64) 0 | (f32) 0 | (f64) 0 | (hex) 0
[TID 001992] D/interpreter:      v0.pri = (i64) 0 | (f32) 0 | (f64) 0 | (hex) 0
[TID 001992] D/interpreter:  pc: 0x7f59565fd0b4 ---> ldai 1
[TID 001992] D/interpreter:      acc.pri = (i64) 1 | (f32) 1.4013e-45 | (f64) 4.94066e-324 | (hex) 1
[TID 001992] D/interpreter:      v0.pri = (i64) 0 | (f32) 0 | (f64) 0 | (hex) 0
[TID 001992] D/interpreter:  pc: 0x7f59565fd0b6 ---> addi 2
[TID 001992] D/interpreter:      acc.pri = (i64) 3 | (f32) 4.2039e-45 | (f64) 1.4822e-323 | (hex) 3
[TID 001992] D/interpreter:      v0.pri = (i64) 0 | (f32) 0 | (f64) 0 | (hex) 0
[TID 001992] D/interpreter:  pc: 0x7f59565fd0b8 ---> movi v0, 3
[TID 001992] D/interpreter:      acc.pri = (i64) 3 | (f32) 4.2039e-45 | (f64) 1.4822e-323 | (hex) 3
[TID 001992] D/interpreter:      v0.pri = (i64) 3 | (f32) 4.2039e-45 | (f64) 1.4822e-323 | (hex) 3
[TID 001992] D/interpreter:  pc: 0x7f59565fd0ba ---> jne v0, 6
[TID 001992] D/interpreter:      acc.pri = (i64) 3 | (f32) 4.2039e-45 | (f64) 1.4822e-323 | (hex) 3
[TID 001992] D/interpreter:      v0.pri = (i64) 3 | (f32) 4.2039e-45 | (f64) 1.4822e-323 | (hex) 3
[TID 001992] D/interpreter:  pc: 0x7f59565fd0bd ---> ldai 0
[TID 001992] D/interpreter:      acc.pri = (i64) 0 | (f32) 0 | (f64) 0 | (hex) 0
[TID 001992] D/interpreter:      v0.pri = (i64) 3 | (f32) 4.2039e-45 | (f64) 1.4822e-323 | (hex) 3
[TID 001992] D/interpreter:  pc: 0x7f59565fd0bf ---> return
[TID 001992] D/interpreter: Invoke exit: _GLOBAL::main
