[TID 003d58] D/interpreter: Invoke entry: _GLOBAL::main
[TID 003d58] D/interpreter:      acc.pri = (i64) 0 | (f32) 0 | (f64) 0 | (hex) 0
[TID 003d58] D/interpreter:      v0.pri = (i64) 0 | (f32) 0 | (f64) 0 | (hex) 0
[TID 003d58] D/interpreter:      v1.pri = (i64) 0 | (f32) 0 | (f64) 0 | (hex) 0
[TID 003d58] D/interpreter:      v2.pri = (i64) 0 | (f32) 0 | (f64) 0 | (hex) 0
[TID 003d58] D/interpreter:      v3.pri = (i64) 0 | (f32) 0 | (f64) 0 | (hex) 0
[TID 003d58] D/interpreter:  pc: 0x7f0bee6d30b4 ---> movi v0, 7
[TID 003d58] D/interpreter:      acc.pri = (i64) 0 | (f32) 0 | (f64) 0 | (hex) 0
[TID 003d58] D/interpreter:      v0.pri = (i64) 7 | (f32) 9.80909e-45 | (f64) 3.45846e-323 | (hex) 7
[TID 003d58] D/interpreter:      v1.pri = (i64) 0 | (f32) 0 | (f64) 0 | (hex) 0
[TID 003d58] D/interpreter:      v2.pri = (i64) 0 | (f32) 0 | (f64) 0 | (hex) 0
[TID 003d58] D/interpreter:      v3.pri = (i64) 0 | (f32) 0 | (f64) 0 | (hex) 0
[TID 003d58] D/interpreter:  pc: 0x7f0bee6d30b6 ---> movi v1, 6
[TID 003d58] D/interpreter:      acc.pri = (i64) 0 | (f32) 0 | (f64) 0 | (hex) 0
[TID 003d58] D/interpreter:      v0.pri = (i64) 7 | (f32) 9.80909e-45 | (f64) 3.45846e-323 | (hex) 7
[TID 003d58] D/interpreter:      v1.pri = (i64) 6 | (f32) 8.40779e-45 | (f64) 2.96439e-323 | (hex) 6
[TID 003d58] D/interpreter:      v2.pri = (i64) 0 | (f32) 0 | (f64) 0 | (hex) 0
[TID 003d58] D/interpreter:      v3.pri = (i64) 0 | (f32) 0 | (f64) 0 | (hex) 0
[TID 003d58] D/interpreter:  pc: 0x7f0bee6d30b8 ---> add v0, v1
[TID 003d58] D/interpreter:      acc.pri = (i64) 13 | (f32) 1.82169e-44 | (f64) 6.42285e-323 | (hex) d
[TID 003d58] D/interpreter:      v0.pri = (i64) 7 | (f32) 9.80909e-45 | (f64) 3.45846e-323 | (hex) 7
[TID 003d58] D/interpreter:      v1.pri = (i64) 6 | (f32) 8.40779e-45 | (f64) 2.96439e-323 | (hex) 6
[TID 003d58] D/interpreter:      v2.pri = (i64) 0 | (f32) 0 | (f64) 0 | (hex) 0
[TID 003d58] D/interpreter:      v3.pri = (i64) 0 | (f32) 0 | (f64) 0 | (hex) 0
[TID 003d58] D/interpreter:  pc: 0x7f0bee6d30ba ---> movi v3, 13
[TID 003d58] D/interpreter:      acc.pri = (i64) 13 | (f32) 1.82169e-44 | (f64) 6.42285e-323 | (hex) d
[TID 003d58] D/interpreter:      v0.pri = (i64) 7 | (f32) 9.80909e-45 | (f64) 3.45846e-323 | (hex) 7
[TID 003d58] D/interpreter:      v1.pri = (i64) 6 | (f32) 8.40779e-45 | (f64) 2.96439e-323 | (hex) 6
[TID 003d58] D/interpreter:      v2.pri = (i64) 0 | (f32) 0 | (f64) 0 | (hex) 0
[TID 003d58] D/interpreter:      v3.pri = (i64) 13 | (f32) 1.82169e-44 | (f64) 6.42285e-323 | (hex) d
[TID 003d58] D/interpreter:  pc: 0x7f0bee6d30bd ---> jne v3, 6
[TID 003d58] D/interpreter:      acc.pri = (i64) 13 | (f32) 1.82169e-44 | (f64) 6.42285e-323 | (hex) d
[TID 003d58] D/interpreter:      v0.pri = (i64) 7 | (f32) 9.80909e-45 | (f64) 3.45846e-323 | (hex) 7
[TID 003d58] D/interpreter:      v1.pri = (i64) 6 | (f32) 8.40779e-45 | (f64) 2.96439e-323 | (hex) 6
[TID 003d58] D/interpreter:      v2.pri = (i64) 0 | (f32) 0 | (f64) 0 | (hex) 0
[TID 003d58] D/interpreter:      v3.pri = (i64) 13 | (f32) 1.82169e-44 | (f64) 6.42285e-323 | (hex) d
[TID 003d58] D/interpreter:  pc: 0x7f0bee6d30c0 ---> ldai 0
[TID 003d58] D/interpreter:      acc.pri = (i64) 0 | (f32) 0 | (f64) 0 | (hex) 0
[TID 003d58] D/interpreter:      v0.pri = (i64) 7 | (f32) 9.80909e-45 | (f64) 3.45846e-323 | (hex) 7
[TID 003d58] D/interpreter:      v1.pri = (i64) 6 | (f32) 8.40779e-45 | (f64) 2.96439e-323 | (hex) 6
[TID 003d58] D/interpreter:      v2.pri = (i64) 0 | (f32) 0 | (f64) 0 | (hex) 0
[TID 003d58] D/interpreter:      v3.pri = (i64) 13 | (f32) 1.82169e-44 | (f64) 6.42285e-323 | (hex) d
[TID 003d58] D/interpreter:  pc: 0x7f0bee6d30c2 ---> return
[TID 003d58] D/interpreter: Invoke exit: _GLOBAL::main
