[TID 002971] D/interpreter: Invoke entry: _GLOBAL::main
[TID 002971] D/interpreter:      acc.pri = (i64) 0 | (f32) 0 | (f64) 0 | (hex) 0
[TID 002971] D/interpreter:      v0.pri = (i64) 0 | (f32) 0 | (f64) 0 | (hex) 0
[TID 002971] D/interpreter:  pc: 0x7fb1548e00b2 ---> ldai 2
[TID 002971] D/interpreter:      acc.pri = (i64) 2 | (f32) 2.8026e-45 | (f64) 9.88131e-324 | (hex) 2
[TID 002971] D/interpreter:      v0.pri = (i64) 0 | (f32) 0 | (f64) 0 | (hex) 0
[TID 002971] D/interpreter:  pc: 0x7fb1548e00b4 ---> u32toi64
[TID 002971] D/interpreter:      acc.pri = (i64) 2 | (f32) 2.8026e-45 | (f64) 9.88131e-324 | (hex) 2
[TID 002971] D/interpreter:      v0.pri = (i64) 0 | (f32) 0 | (f64) 0 | (hex) 0
[TID 002971] D/interpreter:  pc: 0x7fb1548e00b6 ---> movi.64 v0, 2
[TID 002971] D/interpreter:      acc.pri = (i64) 2 | (f32) 2.8026e-45 | (f64) 9.88131e-324 | (hex) 2
[TID 002971] D/interpreter:      v0.pri = (i64) 2 | (f32) 2.8026e-45 | (f64) 9.88131e-324 | (hex) 2
[TID 002971] D/interpreter:  pc: 0x7fb1548e00c0 ---> cmp.64 v0
[TID 002971] D/interpreter:      acc.pri = (i64) 0 | (f32) 0 | (f64) 0 | (hex) 0
[TID 002971] D/interpreter:      v0.pri = (i64) 2 | (f32) 2.8026e-45 | (f64) 9.88131e-324 | (hex) 2
[TID 002971] D/interpreter:  pc: 0x7fb1548e00c2 ---> jnez 5
[TID 002971] D/interpreter:      acc.pri = (i64) 0 | (f32) 0 | (f64) 0 | (hex) 0
[TID 002971] D/interpreter:      v0.pri = (i64) 2 | (f32) 2.8026e-45 | (f64) 9.88131e-324 | (hex) 2
[TID 002971] D/interpreter:  pc: 0x7fb1548e00c4 ---> ldai 0
[TID 002971] D/interpreter:      acc.pri = (i64) 0 | (f32) 0 | (f64) 0 | (hex) 0
[TID 002971] D/interpreter:      v0.pri = (i64) 2 | (f32) 2.8026e-45 | (f64) 9.88131e-324 | (hex) 2
[TID 002971] D/interpreter:  pc: 0x7fb1548e00c6 ---> return
[TID 002971] D/interpreter: Invoke exit: _GLOBAL::main
