[TID 0025ab] D/interpreter: Invoke entry: _GLOBAL::main
[TID 0025ab] D/interpreter:      acc.pri = (i64) 0 | (f32) 0 | (f64) 0 | (hex) 0
[TID 0025ab] D/interpreter:      v0.pri = (i64) 0 | (f32) 0 | (f64) 0 | (hex) 0
[TID 0025ab] D/interpreter:      v1.pri = (i64) 0 | (f32) 0 | (f64) 0 | (hex) 0
[TID 0025ab] D/interpreter:      v2.pri = (i64) 0 | (f32) 0 | (f64) 0 | (hex) 0
[TID 0025ab] D/interpreter:      v3.pri = (i64) 0 | (f32) 0 | (f64) 0 | (hex) 0
[TID 0025ab] D/interpreter:  pc: 0x7f616ed830b4 ---> movi v0, 6
[TID 0025ab] D/interpreter:      acc.pri = (i64) 0 | (f32) 0 | (f64) 0 | (hex) 0
[TID 0025ab] D/interpreter:      v0.pri = (i64) 6 | (f32) 8.40779e-45 | (f64) 2.96439e-323 | (hex) 6
[TID 0025ab] D/interpreter:      v1.pri = (i64) 0 | (f32) 0 | (f64) 0 | (hex) 0
[TID 0025ab] D/interpreter:      v2.pri = (i64) 0 | (f32) 0 | (f64) 0 | (hex) 0
[TID 0025ab] D/interpreter:      v3.pri = (i64) 0 | (f32) 0 | (f64) 0 | (hex) 0
[TID 0025ab] D/interpreter:  pc: 0x7f616ed830b6 ---> movi v1, 7
[TID 0025ab] D/interpreter:      acc.pri = (i64) 0 | (f32) 0 | (f64) 0 | (hex) 0
[TID 0025ab] D/interpreter:      v0.pri = (i64) 6 | (f32) 8.40779e-45 | (f64) 2.96439e-323 | (hex) 6
[TID 0025ab] D/interpreter:      v1.pri = (i64) 7 | (f32) 9.80909e-45 | (f64) 3.45846e-323 | (hex) 7
[TID 0025ab] D/interpreter:      v2.pri = (i64) 0 | (f32) 0 | (f64) 0 | (hex) 0
[TID 0025ab] D/interpreter:      v3.pri = (i64) 0 | (f32) 0 | (f64) 0 | (hex) 0
[TID 0025ab] D/interpreter:  pc: 0x7f616ed830b8 ---> mul v0, v1
[TID 0025ab] D/interpreter:      acc.pri = (i64) 42 | (f32) 5.88545e-44 | (f64) 2.07508e-322 | (hex) 2a
[TID 0025ab] D/interpreter:      v0.pri = (i64) 6 | (f32) 8.40779e-45 | (f64) 2.96439e-323 | (hex) 6
[TID 0025ab] D/interpreter:      v1.pri = (i64) 7 | (f32) 9.80909e-45 | (f64) 3.45846e-323 | (hex) 7
[TID 0025ab] D/interpreter:      v2.pri = (i64) 0 | (f32) 0 | (f64) 0 | (hex) 0
[TID 0025ab] D/interpreter:      v3.pri = (i64) 0 | (f32) 0 | (f64) 0 | (hex) 0
[TID 0025ab] D/interpreter:  pc: 0x7f616ed830ba ---> movi v3, 42
[TID 0025ab] D/interpreter:      acc.pri = (i64) 42 | (f32) 5.88545e-44 | (f64) 2.07508e-322 | (hex) 2a
[TID 0025ab] D/interpreter:      v0.pri = (i64) 6 | (f32) 8.40779e-45 | (f64) 2.96439e-323 | (hex) 6
[TID 0025ab] D/interpreter:      v1.pri = (i64) 7 | (f32) 9.80909e-45 | (f64) 3.45846e-323 | (hex) 7
[TID 0025ab] D/interpreter:      v2.pri = (i64) 0 | (f32) 0 | (f64) 0 | (hex) 0
[TID 0025ab] D/interpreter:      v3.pri = (i64) 42 | (f32) 5.88545e-44 | (f64) 2.07508e-322 | (hex) 2a
[TID 0025ab] D/interpreter:  pc: 0x7f616ed830bd ---> jne v3, 6
[TID 0025ab] D/interpreter:      acc.pri = (i64) 42 | (f32) 5.88545e-44 | (f64) 2.07508e-322 | (hex) 2a
[TID 0025ab] D/interpreter:      v0.pri = (i64) 6 | (f32) 8.40779e-45 | (f64) 2.96439e-323 | (hex) 6
[TID 0025ab] D/interpreter:      v1.pri = (i64) 7 | (f32) 9.80909e-45 | (f64) 3.45846e-323 | (hex) 7
[TID 0025ab] D/interpreter:      v2.pri = (i64) 0 | (f32) 0 | (f64) 0 | (hex) 0
[TID 0025ab] D/interpreter:      v3.pri = (i64) 42 | (f32) 5.88545e-44 | (f64) 2.07508e-322 | (hex) 2a
[TID 0025ab] D/interpreter:  pc: 0x7f616ed830c0 ---> ldai 0
[TID 0025ab] D/interpreter:      acc.pri = (i64) 0 | (f32) 0 | (f64) 0 | (hex) 0
[TID 0025ab] D/interpreter:      v0.pri = (i64) 6 | (f32) 8.40779e-45 | (f64) 2.96439e-323 | (hex) 6
[TID 0025ab] D/interpreter:      v1.pri = (i64) 7 | (f32) 9.80909e-45 | (f64) 3.45846e-323 | (hex) 7
[TID 0025ab] D/interpreter:      v2.pri = (i64) 0 | (f32) 0 | (f64) 0 | (hex) 0
[TID 0025ab] D/interpreter:      v3.pri = (i64) 42 | (f32) 5.88545e-44 | (f64) 2.07508e-322 | (hex) 2a
[TID 0025ab] D/interpreter:  pc: 0x7f616ed830c2 ---> return
[TID 0025ab] D/interpreter: Invoke exit: _GLOBAL::main
