[TID 003898] D/interpreter: Invoke entry: _GLOBAL::main
[TID 003898] D/interpreter:      acc.pri = (i64) 0 | (f32) 0 | (f64) 0 | (hex) 0
[TID 003898] D/interpreter:      v0.pri = (i64) 0 | (f32) 0 | (f64) 0 | (hex) 0
[TID 003898] D/interpreter:      v1.pri = (i64) 0 | (f32) 0 | (f64) 0 | (hex) 0
[TID 003898] D/interpreter:      v2.pri = (i64) 0 | (f32) 0 | (f64) 0 | (hex) 0
[TID 003898] D/interpreter:  pc: 0x7ff6bae92126 ---> movi v0, 10
[TID 003898] D/interpreter:      acc.pri = (i64) 0 | (f32) 0 | (f64) 0 | (hex) 0
[TID 003898] D/interpreter:      v0.pri = (i64) 10 | (f32) 1.4013e-44 | (f64) 4.94066e-323 | (hex) a
[TID 003898] D/interpreter:      v1.pri = (i64) 0 | (f32) 0 | (f64) 0 | (hex) 0
[TID 003898] D/interpreter:      v2.pri = (i64) 0 | (f32) 0 | (f64) 0 | (hex) 0
[TID 003898] D/interpreter:  pc: 0x7ff6bae92129 ---> movi v1, 20
[TID 003898] D/interpreter:      acc.pri = (i64) 0 | (f32) 0 | (f64) 0 | (hex) 0
[TID 003898] D/interpreter:      v0.pri = (i64) 10 | (f32) 1.4013e-44 | (f64) 4.94066e-323 | (hex) a
[TID 003898] D/interpreter:      v1.pri = (i64) 20 | (f32) 2.8026e-44 | (f64) 9.88131e-323 | (hex) 14
[TID 003898] D/interpreter:      v2.pri = (i64) 0 | (f32) 0 | (f64) 0 | (hex) 0
[TID 003898] D/interpreter:  pc: 0x7ff6bae9212c ---> initobj.short id0, v0, v1
[TID 003898] D/interpreter:      acc.obj = c0078
[TID 003898] D/interpreter:      v0.obj = c0078
[TID 003898] D/interpreter:      v1.pri = (i64) 10 | (f32) 1.4013e-44 | (f64) 4.94066e-323 | (hex) a
[TID 003898] D/interpreter:      v2.pri = (i64) 20 | (f32) 2.8026e-44 | (f64) 9.88131e-323 | (hex) 14
[TID 003898] D/interpreter:  pc: 0x7ff6bae9214d ---> lda v1
[TID 003898] D/interpreter:      acc.pri = (i64) 10 | (f32) 1.4013e-44 | (f64) 4.94066e-323 | (hex) a
[TID 003898] D/interpreter:      v0.obj = c0078
[TID 003898] D/interpreter:      v1.pri = (i64) 10 | (f32) 1.4013e-44 | (f64) 4.94066e-323 | (hex) a
[TID 003898] D/interpreter:      v2.pri = (i64) 20 | (f32) 2.8026e-44 | (f64) 9.88131e-323 | (hex) 14
[TID 003898] D/interpreter:  pc: 0x7ff6bae9214f ---> stobj v0, id0
[TID 003898] D/interpreter:      acc.pri = (i64) 10 | (f32) 1.4013e-44 | (f64) 4.94066e-323 | (hex) a
[TID 003898] D/interpreter:      v0.obj = c0078
[TID 003898] D/interpreter:      v1.pri = (i64) 10 | (f32) 1.4013e-44 | (f64) 4.94066e-323 | (hex) a
[TID 003898] D/interpreter:      v2.pri = (i64) 20 | (f32) 2.8026e-44 | (f64) 9.88131e-323 | (hex) 14
[TID 003898] D/interpreter:  pc: 0x7ff6bae92153 ---> lda v2
[TID 003898] D/interpreter:      acc.pri = (i64) 20 | (f32) 2.8026e-44 | (f64) 9.88131e-323 | (hex) 14
[TID 003898] D/interpreter:      v0.obj = c0078
[TID 003898] D/interpreter:      v1.pri = (i64) 10 | (f32) 1.4013e-44 | (f64) 4.94066e-323 | (hex) a
[TID 003898] D/interpreter:      v2.pri = (i64) 20 | (f32) 2.8026e-44 | (f64) 9.88131e-323 | (hex) 14
[TID 003898] D/interpreter:  pc: 0x7ff6bae92155 ---> stobj v0, id1
[TID 003898] D/interpreter:      acc.pri = (i64) 20 | (f32) 2.8026e-44 | (f64) 9.88131e-323 | (hex) 14
[TID 003898] D/interpreter:      v0.obj = c0078
[TID 003898] D/interpreter:      v1.pri = (i64) 10 | (f32) 1.4013e-44 | (f64) 4.94066e-323 | (hex) a
[TID 003898] D/interpreter:      v2.pri = (i64) 20 | (f32) 2.8026e-44 | (f64) 9.88131e-323 | (hex) 14
[TID 003898] D/interpreter:  pc: 0x7ff6bae92159 ---> return.void
[TID 003898] D/interpreter:      acc.obj = c0078
[TID 003898] D/interpreter:      v0.pri = (i64) 10 | (f32) 1.4013e-44 | (f64) 4.94066e-323 | (hex) a
[TID 003898] D/interpreter:      v1.pri = (i64) 20 | (f32) 2.8026e-44 | (f64) 9.88131e-323 | (hex) 14
[TID 003898] D/interpreter:      v2.pri = (i64) 0 | (f32) 0 | (f64) 0 | (hex) 0
[TID 003898] D/interpreter:  pc: 0x7ff6bae92130 ---> sta.obj v2
[TID 003898] D/interpreter:      acc.obj = c0078
[TID 003898] D/interpreter:      v0.pri = (i64) 10 | (f32) 1.4013e-44 | (f64) 4.94066e-323 | (hex) a
[TID 003898] D/interpreter:      v1.pri = (i64) 20 | (f32) 2.8026e-44 | (f64) 9.88131e-323 | (hex) 14
[TID 003898] D/interpreter:      v2.obj = c0078
[TID 003898] D/interpreter:  pc: 0x7ff6bae92132 ---> ldobj v2, id0
[TID 003898] D/interpreter:      acc.pri = (i64) 10 | (f32) 1.4013e-44 | (f64) 4.94066e-323 | (hex) a
[TID 003898] D/interpreter:      v0.pri = (i64) 10 | (f32) 1.4013e-44 | (f64) 4.94066e-323 | (hex) a
[TID 003898] D/interpreter:      v1.pri = (i64) 20 | (f32) 2.8026e-44 | (f64) 9.88131e-323 | (hex) 14
[TID 003898] D/interpreter:      v2.obj = c0078
[TID 003898] D/interpreter:  pc: 0x7ff6bae92136 ---> jne v0, 13
[TID 003898] D/interpreter:      acc.pri = (i64) 10 | (f32) 1.4013e-44 | (f64) 4.94066e-323 | (hex) a
[TID 003898] D/interpreter:      v0.pri = (i64) 10 | (f32) 1.4013e-44 | (f64) 4.94066e-323 | (hex) a
[TID 003898] D/interpreter:      v1.pri = (i64) 20 | (f32) 2.8026e-44 | (f64) 9.88131e-323 | (hex) 14
[TID 003898] D/interpreter:      v2.obj = c0078
[TID 003898] D/interpreter:  pc: 0x7ff6bae92139 ---> ldobj v2, id1
[TID 003898] D/interpreter:      acc.pri = (i64) 20 | (f32) 2.8026e-44 | (f64) 9.88131e-323 | (hex) 14
[TID 003898] D/interpreter:      v0.pri = (i64) 10 | (f32) 1.4013e-44 | (f64) 4.94066e-323 | (hex) a
[TID 003898] D/interpreter:      v1.pri = (i64) 20 | (f32) 2.8026e-44 | (f64) 9.88131e-323 | (hex) 14
[TID 003898] D/interpreter:      v2.obj = c0078
[TID 003898] D/interpreter:  pc: 0x7ff6bae9213d ---> jne v1, 9
[TID 003898] D/interpreter:      acc.pri = (i64) 20 | (f32) 2.8026e-44 | (f64) 9.88131e-323 | (hex) 14
[TID 003898] D/interpreter:      v0.pri = (i64) 10 | (f32) 1.4013e-44 | (f64) 4.94066e-323 | (hex) a
[TID 003898] D/interpreter:      v1.pri = (i64) 20 | (f32) 2.8026e-44 | (f64) 9.88131e-323 | (hex) 14
[TID 003898] D/interpreter:      v2.obj = c0078
[TID 003898] D/interpreter:  pc: 0x7ff6bae92140 ---> ldai 0
[TID 003898] D/interpreter:      acc.pri = (i64) 0 | (f32) 0 | (f64) 0 | (hex) 0
[TID 003898] D/interpreter:      v0.pri = (i64) 10 | (f32) 1.4013e-44 | (f64) 4.94066e-323 | (hex) a
[TID 003898] D/interpreter:      v1.pri = (i64) 20 | (f32) 2.8026e-44 | (f64) 9.88131e-323 | (hex) 14
[TID 003898] D/interpreter:      v2.obj = c0078
[TID 003898] D/interpreter:  pc: 0x7ff6bae92142 ---> return
[TID 003898] D/interpreter: Invoke exit: _GLOBAL::main
